[35m[Appium][39m Welcome to Appium v1.22.3
[35m[Appium][39m Non-default server args:
[35m[Appium][39m   port: 61640
[35m[Appium][39m   loglevel: info
[35m[Appium][39m   tmpDir: C:\Users\Ilhamzi\AppData\Local\Temp\\Katalon\Appium\Temp1663952722861
[35m[Appium][39m   chromedriverPort: 61641
[35m[Appium][39m Deprecated server args:
[35m[Appium][39m   [31m--chromedriver-port[39m => --default-capabilities
[35m[Appium][39m Default capabilities, which will be added to each request unless overridden by desired capabilities:
[35m[Appium][39m   chromedriverPort: 61641
[35m[Appium][39m Appium REST http interface listener started on 0.0.0.0:61640
[35m[HTTP][39m [37m-->[39m [37mGET[39m [37m/wd/hub/status[39m
[35m[HTTP][39m [90m{}[39m
[35m[HTTP][39m [37m<-- GET /wd/hub/status [39m[32m200[39m [90m5 ms - 68[39m
[35m[HTTP][39m [90m[39m
[35m[HTTP][39m [37m-->[39m [37mGET[39m [37m/wd/hub/status[39m
[35m[HTTP][39m [90m{}[39m
[35m[HTTP][39m [37m<-- GET /wd/hub/status [39m[32m200[39m [90m1 ms - 68[39m
[35m[HTTP][39m [90m[39m
[35m[HTTP][39m [37m-->[39m [37mPOST[39m [37m/wd/hub/session[39m
[35m[HTTP][39m [90m{"desiredCapabilities":{"appPackage":"com.android.settings","orientation":"PORTRAIT","deviceId":"3e17eac0","deviceName":"Xiaomi POCOPHONE F1 (Android 10)","platform":"ANDROID","appActivity":".Settings","newCommandTimeout":1800,"platformVersion":"10","automationName":"uiautomator2","autoGrantPermissions":true,"androidScreenshotPath":"C:/Users/Ilhamzi/Katalon Studio/record-and-playback-mobile","unicodeKeyboard":true,"platformName":"Android","udid":"3e17eac0","systemPort":8246},"capabilities":{"firstMatch":[{"appium:androidScreenshotPath":"C:/Users/Ilhamzi/Katalon Studio/record-and-playback-mobile","appium:appActivity":".Settings","appium:appPackage":"com.android.settings","appium:autoGrantPermissions":true,"appium:automationName":"uiautomator2","deviceId":"3e17eac0","appium:deviceName":"Xiaomi POCOPHONE F1 (Android 10)","appium:newCommandTimeout":1800,"appium:orientation":"PORTRAIT","platform":"ANDROID","platformName":"android","appium:platformVersion":"10","appium:systemPort":8246,"appium:udid":"3e17eac0","...[39m
[35m[BaseDriver][39m The following capabilities are not standard capabilities and should have an extension prefix:
[35m[BaseDriver][39m   deviceId
[35m[BaseDriver][39m   platform
[35m[BaseDriver][39m   chromedriverPort
[35m[Appium][39m Appium v1.22.3 creating new AndroidUiautomator2Driver (v1.70.1) session
[35m[BaseDriver][39m The following capabilities were provided, but are not recognized by Appium:
[35m[BaseDriver][39m   deviceId
[35m[BaseDriver][39m   platform
[35m[BaseDriver][39m Session created with session id: 28a9681e-a5a7-43f2-8dc6-0967f077cadf
[35m[UiAutomator2][39m Starting 'com.android.settings' directly on the device
[35m[ADB][39m Found 2 'build-tools' folders under 'C:\Users\Ilhamzi\Documents\Android' (newest first):
[35m[ADB][39m     C:/Users/Ilhamzi/Documents/Android/build-tools/33.0.0
[35m[ADB][39m     C:/Users/Ilhamzi/Documents/Android/build-tools/30.0.3
[35m[ADB][39m Using 'adb.exe' from 'C:\Users\Ilhamzi\Documents\Android\platform-tools\adb.exe'
[35m[AndroidDriver][39m Retrieving device list
[35m[AndroidDriver][39m Using device: 3e17eac0
[35m[ADB][39m Using 'adb.exe' from 'C:\Users\Ilhamzi\Documents\Android\platform-tools\adb.exe'
[35m[ADB][39m Getting device platform version
[35m[UiAutomator2][39m Relaxing hidden api policy
[35m[AndroidDriver][39m No app sent in, not parsing package/activity
[35m[ADB][39m Using 'apksigner.jar' from 'C:\Users\Ilhamzi\Documents\Android\build-tools\33.0.0\lib\apksigner.jar'
[35m[ADB][39m 'C:\Users\Ilhamzi\AppData\Roaming\npm\node_modules\appium\node_modules\appium-uiautomator2-server\apks\appium-uiautomator2-server-v4.27.0.apk' is signed with the default certificate
[35m[ADB][39m 'C:\Users\Ilhamzi\AppData\Roaming\npm\node_modules\appium\node_modules\appium-uiautomator2-server\apks\appium-uiautomator2-server-debug-androidTest.apk' is signed with the default certificate
[35m[UiAutomator2][39m Server packages are not going to be (re)installed
[35m[ADB][39m Adding packages ["io.appium.settings","io.appium.uiautomator2.server","io.appium.uiautomator2.server.test"] to Doze whitelist
[35m[UiAutomator2][39m Starting UIAutomator2 server 4.27.0
[35m[UiAutomator2][39m Using UIAutomator2 server from 'C:\Users\Ilhamzi\AppData\Roaming\npm\node_modules\appium\node_modules\appium-uiautomator2-server\apks\appium-uiautomator2-server-v4.27.0.apk' and test from 'C:\Users\Ilhamzi\AppData\Roaming\npm\node_modules\appium\node_modules\appium-uiautomator2-server\apks\appium-uiautomator2-server-debug-androidTest.apk'
[35m[UiAutomator2][39m Waiting up to 30000ms for UiAutomator2 to be online...
[35m[WD Proxy][39m socket hang up
[35m[WD Proxy][39m socket hang up
[35m[WD Proxy][39m socket hang up
[35m[WD Proxy][39m Determined the downstream protocol as 'W3C'
[35m[AndroidDriver][39m Screen already unlocked, doing nothing
[35m[UiAutomator2][39m Starting 'com.android.settings/.Settings and waiting for 'com.android.settings/.Settings'
[35m[Appium][39m New AndroidUiautomator2Driver session created successfully, session 28a9681e-a5a7-43f2-8dc6-0967f077cadf added to master session list
[35m[HTTP][39m [37m<-- POST /wd/hub/session [39m[32m200[39m [90m9427 ms - 1461[39m
[35m[HTTP][39m [90m[39m
[35m[HTTP][39m [37m-->[39m [37mGET[39m [37m/wd/hub/session/28a9681e-a5a7-43f2-8dc6-0967f077cadf[39m
[35m[HTTP][39m [90m{}[39m
[35m[HTTP][39m [37m<-- GET /wd/hub/session/28a9681e-a5a7-43f2-8dc6-0967f077cadf [39m[32m200[39m [90m8 ms - 1415[39m
[35m[HTTP][39m [90m[39m
[35m[HTTP][39m [37m-->[39m [37mGET[39m [37m/wd/hub/session/28a9681e-a5a7-43f2-8dc6-0967f077cadf[39m
[35m[HTTP][39m [90m{}[39m
[35m[HTTP][39m [37m<-- GET /wd/hub/session/28a9681e-a5a7-43f2-8dc6-0967f077cadf [39m[32m200[39m [90m6 ms - 1415[39m
[35m[HTTP][39m [90m[39m
[35m[HTTP][39m [37m-->[39m [37mGET[39m [37m/wd/hub/status[39m
[35m[HTTP][39m [90m{}[39m
[35m[HTTP][39m [37m<-- GET /wd/hub/status [39m[32m200[39m [90m1 ms - 68[39m
[35m[HTTP][39m [90m[39m
[35m[HTTP][39m [37m-->[39m [37mPOST[39m [37m/wd/hub/session/28a9681e-a5a7-43f2-8dc6-0967f077cadf/timeouts[39m
[35m[HTTP][39m [90m{"implicit":60000}[39m
[35m[HTTP][39m [37m<-- POST /wd/hub/session/28a9681e-a5a7-43f2-8dc6-0967f077cadf/timeouts [39m[32m200[39m [90m2 ms - 14[39m
[35m[HTTP][39m [90m[39m
[35m[HTTP][39m [37m-->[39m [37mGET[39m [37m/wd/hub/session/28a9681e-a5a7-43f2-8dc6-0967f077cadf/screenshot[39m
[35m[HTTP][39m [90m{}[39m
[35m[HTTP][39m [37m<-- GET /wd/hub/session/28a9681e-a5a7-43f2-8dc6-0967f077cadf/screenshot [39m[32m200[39m [90m502 ms - 151416[39m
[35m[HTTP][39m [90m[39m
[35m[HTTP][39m [37m-->[39m [37mGET[39m [37m/wd/hub/session/28a9681e-a5a7-43f2-8dc6-0967f077cadf/window/rect[39m
[35m[HTTP][39m [90m{}[39m
[35m[HTTP][39m [37m<-- GET /wd/hub/session/28a9681e-a5a7-43f2-8dc6-0967f077cadf/window/rect [39m[32m200[39m [90m15 ms - 50[39m
[35m[HTTP][39m [90m[39m
[35m[HTTP][39m [37m-->[39m [37mGET[39m [37m/wd/hub/session/28a9681e-a5a7-43f2-8dc6-0967f077cadf/appium/device/system_bars[39m
[35m[HTTP][39m [90m{}[39m
[35m[HTTP][39m [37m<-- GET /wd/hub/session/28a9681e-a5a7-43f2-8dc6-0967f077cadf/appium/device/system_bars [39m[31m500[39m [90m107 ms - 651[39m
[35m[HTTP][39m [90m[39m
[35m[HTTP][39m [37m-->[39m [37mPOST[39m [37m/wd/hub/session/28a9681e-a5a7-43f2-8dc6-0967f077cadf/execute/sync[39m
[35m[HTTP][39m [90m{"script":"mobile:viewportRect","args":[]}[39m
[35m[AndroidDriver][39m Executing native command 'mobile:viewportRect'
[35m[HTTP][39m [37m<-- POST /wd/hub/session/28a9681e-a5a7-43f2-8dc6-0967f077cadf/execute/sync [39m[32m200[39m [90m10 ms - 56[39m
[35m[HTTP][39m [90m[39m
[35m[HTTP][39m [37m-->[39m [37mPOST[39m [37m/wd/hub/session/28a9681e-a5a7-43f2-8dc6-0967f077cadf/appium/device/activate_app[39m
[35m[HTTP][39m [90m{"bundleId":"io.selendroid.testapp"}[39m
[35m[HTTP][39m [37m<-- POST /wd/hub/session/28a9681e-a5a7-43f2-8dc6-0967f077cadf/appium/device/activate_app [39m[32m200[39m [90m540 ms - 14[39m
[35m[HTTP][39m [90m[39m
[35m[HTTP][39m [37m-->[39m [37mGET[39m [37m/wd/hub/session/28a9681e-a5a7-43f2-8dc6-0967f077cadf/source[39m
[35m[HTTP][39m [90m{}[39m
[35m[W3C (28a9681e)][39m Driver proxy active, passing request on via HTTP proxy
[35m[WD Proxy][39m Replacing sessionId 69f3e4bb-df23-419a-9db2-d837f9244e89 with 28a9681e-a5a7-43f2-8dc6-0967f077cadf
[35m[HTTP][39m [37m<-- GET /wd/hub/session/28a9681e-a5a7-43f2-8dc6-0967f077cadf/source [39m[32m200[39m [90m596 ms - 8149[39m
[35m[HTTP][39m [90m[39m
[35m[HTTP][39m [37m-->[39m [37mGET[39m [37m/wd/hub/session/28a9681e-a5a7-43f2-8dc6-0967f077cadf/screenshot[39m
[35m[HTTP][39m [90m{}[39m
[35m[HTTP][39m [37m<-- GET /wd/hub/session/28a9681e-a5a7-43f2-8dc6-0967f077cadf/screenshot [39m[32m200[39m [90m484 ms - 216624[39m
[35m[HTTP][39m [90m[39m
[35m[HTTP][39m [37m-->[39m [37mPOST[39m [37m/wd/hub/session/28a9681e-a5a7-43f2-8dc6-0967f077cadf/elements[39m
[35m[HTTP][39m [90m{"using":"xpath","value":"//*[@class = 'android.widget.CheckedTextView' and (@text = 'Ruby' or . = 'Ruby') and @resource-id = 'android:id/text1']"}[39m
[35m[HTTP][39m [37m<-- POST /wd/hub/session/28a9681e-a5a7-43f2-8dc6-0967f077cadf/elements [39m[32m200[39m [90m338 ms - 139[39m
[35m[HTTP][39m [90m[39m
[35m[HTTP][39m [37m-->[39m [37mPOST[39m [37m/wd/hub/session/28a9681e-a5a7-43f2-8dc6-0967f077cadf/elements[39m
[35m[HTTP][39m [90m{"using":"xpath","value":"//*[@class = 'android.widget.CheckedTextView' and (@text = 'PHP' or . = 'PHP') and @resource-id = 'android:id/text1']"}[39m
[35m[HTTP][39m [37m<-- POST /wd/hub/session/28a9681e-a5a7-43f2-8dc6-0967f077cadf/elements [39m[32m200[39m [90m59 ms - 139[39m
[35m[HTTP][39m [90m[39m
[35m[HTTP][39m [37m-->[39m [37mPOST[39m [37m/wd/hub/session/28a9681e-a5a7-43f2-8dc6-0967f077cadf/elements[39m
[35m[HTTP][39m [90m{"using":"xpath","value":"//*[@class = 'android.widget.CheckedTextView' and (@text = 'Scala' or . = 'Scala') and @resource-id = 'android:id/text1']"}[39m
[35m[HTTP][39m [37m<-- POST /wd/hub/session/28a9681e-a5a7-43f2-8dc6-0967f077cadf/elements [39m[32m200[39m [90m63 ms - 139[39m
[35m[HTTP][39m [90m[39m
[35m[HTTP][39m [37m-->[39m [37mPOST[39m [37m/wd/hub/session/28a9681e-a5a7-43f2-8dc6-0967f077cadf/elements[39m
[35m[HTTP][39m [90m{"using":"xpath","value":"//*[@class = 'android.widget.CheckedTextView' and (@text = 'Ruby' or . = 'Ruby') and @resource-id = 'android:id/text1']"}[39m
[35m[HTTP][39m [37m<-- POST /wd/hub/session/28a9681e-a5a7-43f2-8dc6-0967f077cadf/elements [39m[32m200[39m [90m56 ms - 139[39m
[35m[HTTP][39m [90m[39m
[35m[HTTP][39m [37m-->[39m [37mPOST[39m [37m/wd/hub/session/28a9681e-a5a7-43f2-8dc6-0967f077cadf/elements[39m
[35m[HTTP][39m [90m{"using":"xpath","value":"//*[@class = 'android.widget.CheckedTextView' and (@text = 'PHP' or . = 'PHP') and @resource-id = 'android:id/text1']"}[39m
[35m[HTTP][39m [37m<-- POST /wd/hub/session/28a9681e-a5a7-43f2-8dc6-0967f077cadf/elements [39m[32m200[39m [90m73 ms - 139[39m
[35m[HTTP][39m [90m[39m
[35m[HTTP][39m [37m-->[39m [37mDELETE[39m [37m/wd/hub/session/28a9681e-a5a7-43f2-8dc6-0967f077cadf[39m
[35m[HTTP][39m [90m{}[39m
[35m[Appium][39m Removing session 28a9681e-a5a7-43f2-8dc6-0967f077cadf from our master session list
[35m[UiAutomator2][39m Restoring hidden api policy to the device default configuration
[35m[HTTP][39m [37m<-- DELETE /wd/hub/session/28a9681e-a5a7-43f2-8dc6-0967f077cadf [39m[32m200[39m [90m369 ms - 14[39m
[35m[HTTP][39m [90m[39m
